<?xml version="1.0" encoding="UTF-8"?>
<!-- Generated by org.testng.reporters.JUnitReportReporter -->
<testsuite hostname="LAPTOP-KCI9ELE6" name="com.inetBanking.testCases.TC_AddCustomerTest_003" tests="1" failures="0" timestamp="28 Feb 2022 04:59:44 GMT" time="82.209" errors="0">
  <testcase name="addNewCustomer" time="82.209" classname="com.inetBanking.testCases.TC_AddCustomerTest_003"/>
</testsuite> <!-- com.inetBanking.testCases.TC_AddCustomerTest_003 -->
