<?xml version="1.0" encoding="UTF-8"?>
<!-- Generated by org.testng.reporters.JUnitReportReporter -->
<testsuite hostname="LAPTOP-KCI9ELE6" name="com.inetBanking.testCases.TC_LoginTest_001" tests="1" failures="0" timestamp="28 Feb 2022 04:59:44 GMT" time="22.521" errors="0">
  <testcase name="loginTest" time="22.521" classname="com.inetBanking.testCases.TC_LoginTest_001"/>
</testsuite> <!-- com.inetBanking.testCases.TC_LoginTest_001 -->
