<?xml version="1.0" encoding="UTF-8"?>
<!-- Generated by org.testng.reporters.JUnitReportReporter -->
<testsuite skipped="0" hostname="LAPTOP-KCI9ELE6" name="com.inetBanking.testCases.TC_LoginDDT_002" tests="5" failures="0" timestamp="2022-02-27T22:04:40 IST" time="43.248" errors="0">
  <testcase name="loginDDT" time="11.588" classname="com.inetBanking.testCases.TC_LoginDDT_002"/>
  <system-out/>
  <testcase name="loginDDT" time="12.425" classname="com.inetBanking.testCases.TC_LoginDDT_002"/>
  <system-out/>
  <testcase name="loginDDT" time="6.576" classname="com.inetBanking.testCases.TC_LoginDDT_002"/>
  <system-out/>
  <testcase name="loginDDT" time="5.935" classname="com.inetBanking.testCases.TC_LoginDDT_002"/>
  <system-out/>
  <testcase name="loginDDT" time="6.724" classname="com.inetBanking.testCases.TC_LoginDDT_002"/>
  <system-out/>
</testsuite> <!-- com.inetBanking.testCases.TC_LoginDDT_002 -->
